-------------------------------------------------------------------------------
Test set: com.redbanners.networkspider.NetworkspiderApplicationTests
-------------------------------------------------------------------------------
Tests run: 1, Failures: 0, Errors: 1, Skipped: 0, Time elapsed: 0.511 s <<< FAILURE! - in com.redbanners.networkspider.NetworkspiderApplicationTests
initializationError(com.redbanners.networkspider.NetworkspiderApplicationTests)  Time elapsed: 0.009 s  <<< ERROR!
java.lang.IllegalStateException: Unable to find a @SpringBootConfiguration, you need to use @ContextConfiguration or @SpringBootTest(classes=...) with your test

