<?xml version="1.0" encoding="UTF-8"?>
<testsuite xmlns:xsi="http://www.w3.org/2001/XMLSchema-instance" xsi:noNamespaceSchemaLocation="https://maven.apache.org/surefire/maven-surefire-plugin/xsd/surefire-test-report.xsd" name="com.redbanners.networkspider.NetworkspiderApplicationTests" time="0.511" tests="1" errors="1" skipped="0" failures="0">
  <properties>
[...]
</properties>
  <testcase name="initializationError" classname="com.redbanners.networkspider.NetworkspiderApplicationTests" time="0.009">
    <error message="Unable to find a @SpringBootConfiguration, you need to use @ContextConfiguration or @SpringBootTest(classes=...) with your test" type="java.lang.IllegalStateException">java.lang.IllegalStateException: Unable to find a @SpringBootConfiguration, you need to use @ContextConfiguration or @SpringBootTest(classes=...) with your test
</error>
    <system-out><![CDATA[02:09:02.090 [main] DEBUG org.springframework.test.context.junit4.SpringJUnit4ClassRunner - SpringJUnit4ClassRunner constructor called with [class com.redbanners.networkspider.NetworkspiderApplicationTests]
02:09:02.099 [main] DEBUG org.springframework.test.context.BootstrapUtils - Instantiating CacheAwareContextLoaderDelegate from class [org.springframework.test.context.cache.DefaultCacheAwareContextLoaderDelegate]
02:09:02.116 [main] DEBUG org.springframework.test.context.BootstrapUtils - Instantiating BootstrapContext using constructor [public org.springframework.test.context.support.DefaultBootstrapContext(java.lang.Class,org.springframework.test.context.CacheAwareContextLoaderDelegate)]
02:09:02.141 [main] DEBUG org.springframework.test.context.BootstrapUtils - Instantiating TestContextBootstrapper for test class [com.redbanners.networkspider.NetworkspiderApplicationTests] from class [org.springframework.boot.test.context.SpringBootTestContextBootstrapper]
02:09:02.172 [main] INFO org.springframework.boot.test.context.SpringBootTestContextBootstrapper - Neither @ContextConfiguration nor @ContextHierarchy found for test class [com.redbanners.networkspider.NetworkspiderApplicationTests], using SpringBootContextLoader
02:09:02.177 [main] DEBUG org.springframework.test.context.support.AbstractContextLoader - Did not detect default resource location for test class [com.redbanners.networkspider.NetworkspiderApplicationTests]: class path resource [com/redbanners/networkspider/NetworkspiderApplicationTests-context.xml] does not exist
02:09:02.177 [main] DEBUG org.springframework.test.context.support.AbstractContextLoader - Did not detect default resource location for test class [com.redbanners.networkspider.NetworkspiderApplicationTests]: class path resource [com/redbanners/networkspider/NetworkspiderApplicationTestsContext.groovy] does not exist
02:09:02.177 [main] INFO org.springframework.test.context.support.AbstractContextLoader - Could not detect default resource locations for test class [com.redbanners.networkspider.NetworkspiderApplicationTests]: no resource found for suffixes {-context.xml, Context.groovy}.
02:09:02.179 [main] INFO org.springframework.test.context.support.AnnotationConfigContextLoaderUtils - Could not detect default configuration classes for test class [com.redbanners.networkspider.NetworkspiderApplicationTests]: NetworkspiderApplicationTests does not declare any static, non-private, non-final, nested classes annotated with @Configuration.
02:09:02.247 [main] DEBUG org.springframework.test.context.support.ActiveProfilesUtils - Could not find an 'annotation declaring class' for annotation type [org.springframework.test.context.ActiveProfiles] and class [com.redbanners.networkspider.NetworkspiderApplicationTests]
]]></system-out>
  </testcase>
</testsuite>